[2016-02-22 21:08:03] local.ERROR: exception 'PDOException' with message 'SQLSTATE[42S22]: Column not found: 1054 Unknown column 'member' in 'field list'' in /Users/magina/Sites/book/vendor/laravel/framework/src/Illuminate/Database/Connection.php:390
Stack trace:
#0 /Users/magina/Sites/book/vendor/laravel/framework/src/Illuminate/Database/Connection.php(390): PDO->prepare('insert into `or...')
#1 /Users/magina/Sites/book/vendor/laravel/framework/src/Illuminate/Database/Connection.php(644): Illuminate\Database\Connection->Illuminate\Database\{closure}(Object(Illuminate\Database\MySqlConnection), 'insert into `or...', Array)
#2 /Users/magina/Sites/book/vendor/laravel/framework/src/Illuminate/Database/Connection.php(611): Illuminate\Database\Connection->runQueryCallback('insert into `or...', Array, Object(Closure))
#3 /Users/magina/Sites/book/vendor/laravel/framework/src/Illuminate/Database/Connection.php(391): Illuminate\Database\Connection->run('insert into `or...', Array, Object(Closure))
#4 /Users/magina/Sites/book/vendor/laravel/framework/src/Illuminate/Database/Connection.php(347): Illuminate\Database\Connection->statement('insert into `or...', Array)
#5 /Users/magina/Sites/book/vendor/laravel/framework/src/Illuminate/Database/Query/Processors/Processor.php(32): Illuminate\Database\Connection->insert('insert into `or...', Array)
#6 /Users/magina/Sites/book/vendor/laravel/framework/src/Illuminate/Database/Query/Builder.php(1799): Illuminate\Database\Query\Processors\Processor->processInsertGetId(Object(Illuminate\Database\Query\Builder), 'insert into `or...', Array, 'id')
#7 [internal function]: Illuminate\Database\Query\Builder->insertGetId(Array, 'id')
#8 /Users/magina/Sites/book/vendor/laravel/framework/src/Illuminate/Database/Eloquent/Builder.php(943): call_user_func_array(Array, Array)
#9 /Users/magina/Sites/book/vendor/laravel/framework/src/Illuminate/Database/Eloquent/Model.php(1638): Illuminate\Database\Eloquent\Builder->__call('insertGetId', Array)
#10 /Users/magina/Sites/book/vendor/laravel/framework/src/Illuminate/Database/Eloquent/Model.php(1638): Illuminate\Database\Eloquent\Builder->insertGetId(Array, 'id')
#11 /Users/magina/Sites/book/vendor/laravel/framework/src/Illuminate/Database/Eloquent/Model.php(1607): Illuminate\Database\Eloquent\Model->insertAndSetId(Object(Illuminate\Database\Eloquent\Builder), Array)
#12 /Users/magina/Sites/book/vendor/laravel/framework/src/Illuminate/Database/Eloquent/Model.php(1513): Illuminate\Database\Eloquent\Model->performInsert(Object(Illuminate\Database\Eloquent\Builder), Array)
#13 /Users/magina/Sites/book/app/Http/Controllers/View/OrderController.php(42): Illuminate\Database\Eloquent\Model->save()
#14 [internal function]: App\Http\Controllers\View\OrderController->toOrderCommit(Object(Illuminate\Http\Request))
#15 /Users/magina/Sites/book/vendor/laravel/framework/src/Illuminate/Routing/Controller.php(256): call_user_func_array(Array, Array)
#16 /Users/magina/Sites/book/vendor/laravel/framework/src/Illuminate/Routing/ControllerDispatcher.php(164): Illuminate\Routing\Controller->callAction('toOrderCommit', Array)
#17 /Users/magina/Sites/book/vendor/laravel/framework/src/Illuminate/Routing/ControllerDispatcher.php(112): Illuminate\Routing\ControllerDispatcher->call(Object(App\Http\Controllers\View\OrderController), Object(Illuminate\Routing\Route), 'toOrderCommit')
#18 [internal function]: Illuminate\Routing\ControllerDispatcher->Illuminate\Routing\{closure}(Object(Illuminate\Http\Request))
#19 /Users/magina/Sites/book/vendor/laravel/framework/src/Illuminate/Pipeline/Pipeline.php(139): call_user_func(Object(Closure), Object(Illuminate\Http\Request))
#20 [internal function]: Illuminate\Pipeline\Pipeline->Illuminate\Pipeline\{closure}(Object(Illuminate\Http\Request))
#21 /Users/magina/Sites/book/vendor/laravel/framework/src/Illuminate/Pipeline/Pipeline.php(103): call_user_func(Object(Closure), Object(Illuminate\Http\Request))
#22 /Users/magina/Sites/book/vendor/laravel/framework/src/Illuminate/Routing/ControllerDispatcher.php(114): Illuminate\Pipeline\Pipeline->then(Object(Closure))
#23 /Users/magina/Sites/book/vendor/laravel/framework/src/Illuminate/Routing/ControllerDispatcher.php(69): Illuminate\Routing\ControllerDispatcher->callWithinStack(Object(App\Http\Controllers\View\OrderController), Object(Illuminate\Routing\Route), Object(Illuminate\Http\Request), 'toOrderCommit')
#24 /Users/magina/Sites/book/vendor/laravel/framework/src/Illuminate/Routing/Route.php(203): Illuminate\Routing\ControllerDispatcher->dispatch(Object(Illuminate\Routing\Route), Object(Illuminate\Http\Request), 'App\\Http\\Contro...', 'toOrderCommit')
#25 /Users/magina/Sites/book/vendor/laravel/framework/src/Illuminate/Routing/Route.php(134): Illuminate\Routing\Route->runWithCustomDispatcher(Object(Illuminate\Http\Request))
#26 /Users/magina/Sites/book/vendor/laravel/framework/src/Illuminate/Routing/Router.php(712): Illuminate\Routing\Route->run(Object(Illuminate\Http\Request))
#27 [internal function]: Illuminate\Routing\Router->Illuminate\Routing\{closure}(Object(Illuminate\Http\Request))
#28 /Users/magina/Sites/book/vendor/laravel/framework/src/Illuminate/Pipeline/Pipeline.php(139): call_user_func(Object(Closure), Object(Illuminate\Http\Request))
#29 /Users/magina/Sites/book/app/Http/Middleware/CheckLogin.php(25): Illuminate\Pipeline\Pipeline->Illuminate\Pipeline\{closure}(Object(Illuminate\Http\Request))
#30 [internal function]: App\Http\Middleware\CheckLogin->handle(Object(Illuminate\Http\Request), Object(Closure))
#31 /Users/magina/Sites/book/vendor/laravel/framework/src/Illuminate/Pipeline/Pipeline.php(124): call_user_func_array(Array, Array)
#32 [internal function]: Illuminate\Pipeline\Pipeline->Illuminate\Pipeline\{closure}(Object(Illuminate\Http\Request))
#33 /Users/magina/Sites/book/vendor/laravel/framework/src/Illuminate/Pipeline/Pipeline.php(103): call_user_func(Object(Closure), Object(Illuminate\Http\Request))
#34 /Users/magina/Sites/book/vendor/laravel/framework/src/Illuminate/Routing/Router.php(714): Illuminate\Pipeline\Pipeline->then(Object(Closure))
#35 /Users/magina/Sites/book/vendor/laravel/framework/src/Illuminate/Routing/Router.php(679): Illuminate\Routing\Router->runRouteWithinStack(Object(Illuminate\Routing\Route), Object(Illuminate\Http\Request))
#36 /Users/magina/Sites/book/vendor/laravel/framework/src/Illuminate/Routing/Router.php(639): Illuminate\Routing\Router->dispatchToRoute(Object(Illuminate\Http\Request))
#37 /Users/magina/Sites/book/vendor/laravel/framework/src/Illuminate/Foundation/Http/Kernel.php(236): Illuminate\Routing\Router->dispatch(Object(Illuminate\Http\Request))
#38 [internal function]: Illuminate\Foundation\Http\Kernel->Illuminate\Foundation\Http\{closure}(Object(Illuminate\Http\Request))
#39 /Users/magina/Sites/book/vendor/laravel/framework/src/Illuminate/Pipeline/Pipeline.php(139): call_user_func(Object(Closure), Object(Illuminate\Http\Request))
#40 /Users/magina/Sites/book/vendor/laravel/framework/src/Illuminate/Foundation/Http/Middleware/VerifyCsrfToken.php(50): Illuminate\Pipeline\Pipeline->Illuminate\Pipeline\{closure}(Object(Illuminate\Http\Request))
#41 [internal function]: Illuminate\Foundation\Http\Middleware\VerifyCsrfToken->handle(Object(Illuminate\Http\Request), Object(Closure))
#42 /Users/magina/Sites/book/vendor/laravel/framework/src/Illuminate/Pipeline/Pipeline.php(124): call_user_func_array(Array, Array)
#43 /Users/magina/Sites/book/vendor/laravel/framework/src/Illuminate/View/Middleware/ShareErrorsFromSession.php(49): Illuminate\Pipeline\Pipeline->Illuminate\Pipeline\{closure}(Object(Illuminate\Http\Request))
#44 [internal function]: Illuminate\View\Middleware\ShareErrorsFromSession->handle(Object(Illuminate\Http\Request), Object(Closure))
#45 /Users/magina/Sites/book/vendor/laravel/framework/src/Illuminate/Pipeline/Pipeline.php(124): call_user_func_array(Array, Array)
#46 /Users/magina/Sites/book/vendor/laravel/framework/src/Illuminate/Session/Middleware/StartSession.php(62): Illuminate\Pipeline\Pipeline->Illuminate\Pipeline\{closure}(Object(Illuminate\Http\Request))
#47 [internal function]: Illuminate\Session\Middleware\StartSession->handle(Object(Illuminate\Http\Request), Object(Closure))
#48 /Users/magina/Sites/book/vendor/laravel/framework/src/Illuminate/Pipeline/Pipeline.php(124): call_user_func_array(Array, Array)
#49 /Users/magina/Sites/book/vendor/laravel/framework/src/Illuminate/Cookie/Middleware/AddQueuedCookiesToResponse.php(37): Illuminate\Pipeline\Pipeline->Illuminate\Pipeline\{closure}(Object(Illuminate\Http\Request))
#50 [internal function]: Illuminate\Cookie\Middleware\AddQueuedCookiesToResponse->handle(Object(Illuminate\Http\Request), Object(Closure))
#51 /Users/magina/Sites/book/vendor/laravel/framework/src/Illuminate/Pipeline/Pipeline.php(124): call_user_func_array(Array, Array)
#52 /Users/magina/Sites/book/vendor/laravel/framework/src/Illuminate/Cookie/Middleware/EncryptCookies.php(59): Illuminate\Pipeline\Pipeline->Illuminate\Pipeline\{closure}(Object(Illuminate\Http\Request))
#53 [internal function]: Illuminate\Cookie\Middleware\EncryptCookies->handle(Object(Illuminate\Http\Request), Object(Closure))
#54 /Users/magina/Sites/book/vendor/laravel/framework/src/Illuminate/Pipeline/Pipeline.php(124): call_user_func_array(Array, Array)
#55 /Users/magina/Sites/book/vendor/laravel/framework/src/Illuminate/Foundation/Http/Middleware/CheckForMaintenanceMode.php(42): Illuminate\Pipeline\Pipeline->Illuminate\Pipeline\{closure}(Object(Illuminate\Http\Request))
#56 [internal function]: Illuminate\Foundation\Http\Middleware\CheckForMaintenanceMode->handle(Object(Illuminate\Http\Request), Object(Closure))
#57 /Users/magina/Sites/book/vendor/laravel/framework/src/Illuminate/Pipeline/Pipeline.php(124): call_user_func_array(Array, Array)
#58 [internal function]: Illuminate\Pipeline\Pipeline->Illuminate\Pipeline\{closure}(Object(Illuminate\Http\Request))
#59 /Users/magina/Sites/book/vendor/laravel/framework/src/Illuminate/Pipeline/Pipeline.php(103): call_user_func(Object(Closure), Object(Illuminate\Http\Request))
#60 /Users/magina/Sites/book/vendor/laravel/framework/src/Illuminate/Foundation/Http/Kernel.php(122): Illuminate\Pipeline\Pipeline->then(Object(Closure))
#61 /Users/magina/Sites/book/vendor/laravel/framework/src/Illuminate/Foundation/Http/Kernel.php(87): Illuminate\Foundation\Http\Kernel->sendRequestThroughRouter(Object(Illuminate\Http\Request))
#62 /Users/magina/Sites/book/public/index.php(54): Illuminate\Foundation\Http\Kernel->handle(Object(Illuminate\Http\Request))
#63 {main}

Next exception 'Illuminate\Database\QueryException' with message 'SQLSTATE[42S22]: Column not found: 1054 Unknown column 'member' in 'field list' (SQL: insert into `order` (`name`, `total_price`, `member`, `updated_at`, `created_at`) values (《深入浅出Node.js》《Node.js权威指南》《React》, 90, 12, 2016-02-22 21:08:03, 2016-02-22 21:08:03))' in /Users/magina/Sites/book/vendor/laravel/framework/src/Illuminate/Database/Connection.php:651
Stack trace:
#0 /Users/magina/Sites/book/vendor/laravel/framework/src/Illuminate/Database/Connection.php(611): Illuminate\Database\Connection->runQueryCallback('insert into `or...', Array, Object(Closure))
#1 /Users/magina/Sites/book/vendor/laravel/framework/src/Illuminate/Database/Connection.php(391): Illuminate\Database\Connection->run('insert into `or...', Array, Object(Closure))
#2 /Users/magina/Sites/book/vendor/laravel/framework/src/Illuminate/Database/Connection.php(347): Illuminate\Database\Connection->statement('insert into `or...', Array)
#3 /Users/magina/Sites/book/vendor/laravel/framework/src/Illuminate/Database/Query/Processors/Processor.php(32): Illuminate\Database\Connection->insert('insert into `or...', Array)
#4 /Users/magina/Sites/book/vendor/laravel/framework/src/Illuminate/Database/Query/Builder.php(1799): Illuminate\Database\Query\Processors\Processor->processInsertGetId(Object(Illuminate\Database\Query\Builder), 'insert into `or...', Array, 'id')
#5 [internal function]: Illuminate\Database\Query\Builder->insertGetId(Array, 'id')
#6 /Users/magina/Sites/book/vendor/laravel/framework/src/Illuminate/Database/Eloquent/Builder.php(943): call_user_func_array(Array, Array)
#7 /Users/magina/Sites/book/vendor/laravel/framework/src/Illuminate/Database/Eloquent/Model.php(1638): Illuminate\Database\Eloquent\Builder->__call('insertGetId', Array)
#8 /Users/magina/Sites/book/vendor/laravel/framework/src/Illuminate/Database/Eloquent/Model.php(1638): Illuminate\Database\Eloquent\Builder->insertGetId(Array, 'id')
#9 /Users/magina/Sites/book/vendor/laravel/framework/src/Illuminate/Database/Eloquent/Model.php(1607): Illuminate\Database\Eloquent\Model->insertAndSetId(Object(Illuminate\Database\Eloquent\Builder), Array)
#10 /Users/magina/Sites/book/vendor/laravel/framework/src/Illuminate/Database/Eloquent/Model.php(1513): Illuminate\Database\Eloquent\Model->performInsert(Object(Illuminate\Database\Eloquent\Builder), Array)
#11 /Users/magina/Sites/book/app/Http/Controllers/View/OrderController.php(42): Illuminate\Database\Eloquent\Model->save()
#12 [internal function]: App\Http\Controllers\View\OrderController->toOrderCommit(Object(Illuminate\Http\Request))
#13 /Users/magina/Sites/book/vendor/laravel/framework/src/Illuminate/Routing/Controller.php(256): call_user_func_array(Array, Array)
#14 /Users/magina/Sites/book/vendor/laravel/framework/src/Illuminate/Routing/ControllerDispatcher.php(164): Illuminate\Routing\Controller->callAction('toOrderCommit', Array)
#15 /Users/magina/Sites/book/vendor/laravel/framework/src/Illuminate/Routing/ControllerDispatcher.php(112): Illuminate\Routing\ControllerDispatcher->call(Object(App\Http\Controllers\View\OrderController), Object(Illuminate\Routing\Route), 'toOrderCommit')
#16 [internal function]: Illuminate\Routing\ControllerDispatcher->Illuminate\Routing\{closure}(Object(Illuminate\Http\Request))
#17 /Users/magina/Sites/book/vendor/laravel/framework/src/Illuminate/Pipeline/Pipeline.php(139): call_user_func(Object(Closure), Object(Illuminate\Http\Request))
#18 [internal function]: Illuminate\Pipeline\Pipeline->Illuminate\Pipeline\{closure}(Object(Illuminate\Http\Request))
#19 /Users/magina/Sites/book/vendor/laravel/framework/src/Illuminate/Pipeline/Pipeline.php(103): call_user_func(Object(Closure), Object(Illuminate\Http\Request))
#20 /Users/magina/Sites/book/vendor/laravel/framework/src/Illuminate/Routing/ControllerDispatcher.php(114): Illuminate\Pipeline\Pipeline->then(Object(Closure))
#21 /Users/magina/Sites/book/vendor/laravel/framework/src/Illuminate/Routing/ControllerDispatcher.php(69): Illuminate\Routing\ControllerDispatcher->callWithinStack(Object(App\Http\Controllers\View\OrderController), Object(Illuminate\Routing\Route), Object(Illuminate\Http\Request), 'toOrderCommit')
#22 /Users/magina/Sites/book/vendor/laravel/framework/src/Illuminate/Routing/Route.php(203): Illuminate\Routing\ControllerDispatcher->dispatch(Object(Illuminate\Routing\Route), Object(Illuminate\Http\Request), 'App\\Http\\Contro...', 'toOrderCommit')
#23 /Users/magina/Sites/book/vendor/laravel/framework/src/Illuminate/Routing/Route.php(134): Illuminate\Routing\Route->runWithCustomDispatcher(Object(Illuminate\Http\Request))
#24 /Users/magina/Sites/book/vendor/laravel/framework/src/Illuminate/Routing/Router.php(712): Illuminate\Routing\Route->run(Object(Illuminate\Http\Request))
#25 [internal function]: Illuminate\Routing\Router->Illuminate\Routing\{closure}(Object(Illuminate\Http\Request))
#26 /Users/magina/Sites/book/vendor/laravel/framework/src/Illuminate/Pipeline/Pipeline.php(139): call_user_func(Object(Closure), Object(Illuminate\Http\Request))
#27 /Users/magina/Sites/book/app/Http/Middleware/CheckLogin.php(25): Illuminate\Pipeline\Pipeline->Illuminate\Pipeline\{closure}(Object(Illuminate\Http\Request))
#28 [internal function]: App\Http\Middleware\CheckLogin->handle(Object(Illuminate\Http\Request), Object(Closure))
#29 /Users/magina/Sites/book/vendor/laravel/framework/src/Illuminate/Pipeline/Pipeline.php(124): call_user_func_array(Array, Array)
#30 [internal function]: Illuminate\Pipeline\Pipeline->Illuminate\Pipeline\{closure}(Object(Illuminate\Http\Request))
#31 /Users/magina/Sites/book/vendor/laravel/framework/src/Illuminate/Pipeline/Pipeline.php(103): call_user_func(Object(Closure), Object(Illuminate\Http\Request))
#32 /Users/magina/Sites/book/vendor/laravel/framework/src/Illuminate/Routing/Router.php(714): Illuminate\Pipeline\Pipeline->then(Object(Closure))
#33 /Users/magina/Sites/book/vendor/laravel/framework/src/Illuminate/Routing/Router.php(679): Illuminate\Routing\Router->runRouteWithinStack(Object(Illuminate\Routing\Route), Object(Illuminate\Http\Request))
#34 /Users/magina/Sites/book/vendor/laravel/framework/src/Illuminate/Routing/Router.php(639): Illuminate\Routing\Router->dispatchToRoute(Object(Illuminate\Http\Request))
#35 /Users/magina/Sites/book/vendor/laravel/framework/src/Illuminate/Foundation/Http/Kernel.php(236): Illuminate\Routing\Router->dispatch(Object(Illuminate\Http\Request))
#36 [internal function]: Illuminate\Foundation\Http\Kernel->Illuminate\Foundation\Http\{closure}(Object(Illuminate\Http\Request))
#37 /Users/magina/Sites/book/vendor/laravel/framework/src/Illuminate/Pipeline/Pipeline.php(139): call_user_func(Object(Closure), Object(Illuminate\Http\Request))
#38 /Users/magina/Sites/book/vendor/laravel/framework/src/Illuminate/Foundation/Http/Middleware/VerifyCsrfToken.php(50): Illuminate\Pipeline\Pipeline->Illuminate\Pipeline\{closure}(Object(Illuminate\Http\Request))
#39 [internal function]: Illuminate\Foundation\Http\Middleware\VerifyCsrfToken->handle(Object(Illuminate\Http\Request), Object(Closure))
#40 /Users/magina/Sites/book/vendor/laravel/framework/src/Illuminate/Pipeline/Pipeline.php(124): call_user_func_array(Array, Array)
#41 /Users/magina/Sites/book/vendor/laravel/framework/src/Illuminate/View/Middleware/ShareErrorsFromSession.php(49): Illuminate\Pipeline\Pipeline->Illuminate\Pipeline\{closure}(Object(Illuminate\Http\Request))
#42 [internal function]: Illuminate\View\Middleware\ShareErrorsFromSession->handle(Object(Illuminate\Http\Request), Object(Closure))
#43 /Users/magina/Sites/book/vendor/laravel/framework/src/Illuminate/Pipeline/Pipeline.php(124): call_user_func_array(Array, Array)
#44 /Users/magina/Sites/book/vendor/laravel/framework/src/Illuminate/Session/Middleware/StartSession.php(62): Illuminate\Pipeline\Pipeline->Illuminate\Pipeline\{closure}(Object(Illuminate\Http\Request))
#45 [internal function]: Illuminate\Session\Middleware\StartSession->handle(Object(Illuminate\Http\Request), Object(Closure))
#46 /Users/magina/Sites/book/vendor/laravel/framework/src/Illuminate/Pipeline/Pipeline.php(124): call_user_func_array(Array, Array)
#47 /Users/magina/Sites/book/vendor/laravel/framework/src/Illuminate/Cookie/Middleware/AddQueuedCookiesToResponse.php(37): Illuminate\Pipeline\Pipeline->Illuminate\Pipeline\{closure}(Object(Illuminate\Http\Request))
#48 [internal function]: Illuminate\Cookie\Middleware\AddQueuedCookiesToResponse->handle(Object(Illuminate\Http\Request), Object(Closure))
#49 /Users/magina/Sites/book/vendor/laravel/framework/src/Illuminate/Pipeline/Pipeline.php(124): call_user_func_array(Array, Array)
#50 /Users/magina/Sites/book/vendor/laravel/framework/src/Illuminate/Cookie/Middleware/EncryptCookies.php(59): Illuminate\Pipeline\Pipeline->Illuminate\Pipeline\{closure}(Object(Illuminate\Http\Request))
#51 [internal function]: Illuminate\Cookie\Middleware\EncryptCookies->handle(Object(Illuminate\Http\Request), Object(Closure))
#52 /Users/magina/Sites/book/vendor/laravel/framework/src/Illuminate/Pipeline/Pipeline.php(124): call_user_func_array(Array, Array)
#53 /Users/magina/Sites/book/vendor/laravel/framework/src/Illuminate/Foundation/Http/Middleware/CheckForMaintenanceMode.php(42): Illuminate\Pipeline\Pipeline->Illuminate\Pipeline\{closure}(Object(Illuminate\Http\Request))
#54 [internal function]: Illuminate\Foundation\Http\Middleware\CheckForMaintenanceMode->handle(Object(Illuminate\Http\Request), Object(Closure))
#55 /Users/magina/Sites/book/vendor/laravel/framework/src/Illuminate/Pipeline/Pipeline.php(124): call_user_func_array(Array, Array)
#56 [internal function]: Illuminate\Pipeline\Pipeline->Illuminate\Pipeline\{closure}(Object(Illuminate\Http\Request))
#57 /Users/magina/Sites/book/vendor/laravel/framework/src/Illuminate/Pipeline/Pipeline.php(103): call_user_func(Object(Closure), Object(Illuminate\Http\Request))
#58 /Users/magina/Sites/book/vendor/laravel/framework/src/Illuminate/Foundation/Http/Kernel.php(122): Illuminate\Pipeline\Pipeline->then(Object(Closure))
#59 /Users/magina/Sites/book/vendor/laravel/framework/src/Illuminate/Foundation/Http/Kernel.php(87): Illuminate\Foundation\Http\Kernel->sendRequestThroughRouter(Object(Illuminate\Http\Request))
#60 /Users/magina/Sites/book/public/index.php(54): Illuminate\Foundation\Http\Kernel->handle(Object(Illuminate\Http\Request))
#61 {main}  
