[2016-03-03 18:46:47] local.ERROR: exception 'ErrorException' with message 'Undefined property: stdClass::$access_token' in /Users/magina/Sites/book/app/Tool/wxpay/WXTool.php:47
Stack trace:
#0 /Users/magina/Sites/book/app/Tool/wxpay/WXTool.php(47): Illuminate\Foundation\Bootstrap\HandleExceptions->handleError(8, 'Undefined prope...', '/Users/magina/S...', 47, Array)
#1 /Users/magina/Sites/book/app/Http/Controllers/View/OrderController.php(57): App\Tool\wxpay\WXTool::getAccessToken()
#2 [internal function]: App\Http\Controllers\View\OrderController->toOrderCommit(Object(Illuminate\Http\Request))
#3 /Users/magina/Sites/book/vendor/laravel/framework/src/Illuminate/Routing/Controller.php(256): call_user_func_array(Array, Array)
#4 /Users/magina/Sites/book/vendor/laravel/framework/src/Illuminate/Routing/ControllerDispatcher.php(164): Illuminate\Routing\Controller->callAction('toOrderCommit', Array)
#5 /Users/magina/Sites/book/vendor/laravel/framework/src/Illuminate/Routing/ControllerDispatcher.php(112): Illuminate\Routing\ControllerDispatcher->call(Object(App\Http\Controllers\View\OrderController), Object(Illuminate\Routing\Route), 'toOrderCommit')
#6 [internal function]: Illuminate\Routing\ControllerDispatcher->Illuminate\Routing\{closure}(Object(Illuminate\Http\Request))
#7 /Users/magina/Sites/book/vendor/laravel/framework/src/Illuminate/Pipeline/Pipeline.php(139): call_user_func(Object(Closure), Object(Illuminate\Http\Request))
#8 [internal function]: Illuminate\Pipeline\Pipeline->Illuminate\Pipeline\{closure}(Object(Illuminate\Http\Request))
#9 /Users/magina/Sites/book/vendor/laravel/framework/src/Illuminate/Pipeline/Pipeline.php(103): call_user_func(Object(Closure), Object(Illuminate\Http\Request))
#10 /Users/magina/Sites/book/vendor/laravel/framework/src/Illuminate/Routing/ControllerDispatcher.php(114): Illuminate\Pipeline\Pipeline->then(Object(Closure))
#11 /Users/magina/Sites/book/vendor/laravel/framework/src/Illuminate/Routing/ControllerDispatcher.php(69): Illuminate\Routing\ControllerDispatcher->callWithinStack(Object(App\Http\Controllers\View\OrderController), Object(Illuminate\Routing\Route), Object(Illuminate\Http\Request), 'toOrderCommit')
#12 /Users/magina/Sites/book/vendor/laravel/framework/src/Illuminate/Routing/Route.php(203): Illuminate\Routing\ControllerDispatcher->dispatch(Object(Illuminate\Routing\Route), Object(Illuminate\Http\Request), 'App\\Http\\Contro...', 'toOrderCommit')
#13 /Users/magina/Sites/book/vendor/laravel/framework/src/Illuminate/Routing/Route.php(134): Illuminate\Routing\Route->runWithCustomDispatcher(Object(Illuminate\Http\Request))
#14 /Users/magina/Sites/book/vendor/laravel/framework/src/Illuminate/Routing/Router.php(712): Illuminate\Routing\Route->run(Object(Illuminate\Http\Request))
#15 [internal function]: Illuminate\Routing\Router->Illuminate\Routing\{closure}(Object(Illuminate\Http\Request))
#16 /Users/magina/Sites/book/vendor/laravel/framework/src/Illuminate/Pipeline/Pipeline.php(139): call_user_func(Object(Closure), Object(Illuminate\Http\Request))
#17 /Users/magina/Sites/book/app/Http/Middleware/CheckLogin.php(25): Illuminate\Pipeline\Pipeline->Illuminate\Pipeline\{closure}(Object(Illuminate\Http\Request))
#18 [internal function]: App\Http\Middleware\CheckLogin->handle(Object(Illuminate\Http\Request), Object(Closure))
#19 /Users/magina/Sites/book/vendor/laravel/framework/src/Illuminate/Pipeline/Pipeline.php(124): call_user_func_array(Array, Array)
#20 [internal function]: Illuminate\Pipeline\Pipeline->Illuminate\Pipeline\{closure}(Object(Illuminate\Http\Request))
#21 /Users/magina/Sites/book/vendor/laravel/framework/src/Illuminate/Pipeline/Pipeline.php(103): call_user_func(Object(Closure), Object(Illuminate\Http\Request))
#22 /Users/magina/Sites/book/vendor/laravel/framework/src/Illuminate/Routing/Router.php(714): Illuminate\Pipeline\Pipeline->then(Object(Closure))
#23 /Users/magina/Sites/book/vendor/laravel/framework/src/Illuminate/Routing/Router.php(679): Illuminate\Routing\Router->runRouteWithinStack(Object(Illuminate\Routing\Route), Object(Illuminate\Http\Request))
#24 /Users/magina/Sites/book/vendor/laravel/framework/src/Illuminate/Routing/Router.php(639): Illuminate\Routing\Router->dispatchToRoute(Object(Illuminate\Http\Request))
#25 /Users/magina/Sites/book/vendor/laravel/framework/src/Illuminate/Foundation/Http/Kernel.php(236): Illuminate\Routing\Router->dispatch(Object(Illuminate\Http\Request))
#26 [internal function]: Illuminate\Foundation\Http\Kernel->Illuminate\Foundation\Http\{closure}(Object(Illuminate\Http\Request))
#27 /Users/magina/Sites/book/vendor/laravel/framework/src/Illuminate/Pipeline/Pipeline.php(139): call_user_func(Object(Closure), Object(Illuminate\Http\Request))
#28 /Users/magina/Sites/book/vendor/laravel/framework/src/Illuminate/Foundation/Http/Middleware/VerifyCsrfToken.php(50): Illuminate\Pipeline\Pipeline->Illuminate\Pipeline\{closure}(Object(Illuminate\Http\Request))
#29 [internal function]: Illuminate\Foundation\Http\Middleware\VerifyCsrfToken->handle(Object(Illuminate\Http\Request), Object(Closure))
#30 /Users/magina/Sites/book/vendor/laravel/framework/src/Illuminate/Pipeline/Pipeline.php(124): call_user_func_array(Array, Array)
#31 /Users/magina/Sites/book/vendor/laravel/framework/src/Illuminate/View/Middleware/ShareErrorsFromSession.php(49): Illuminate\Pipeline\Pipeline->Illuminate\Pipeline\{closure}(Object(Illuminate\Http\Request))
#32 [internal function]: Illuminate\View\Middleware\ShareErrorsFromSession->handle(Object(Illuminate\Http\Request), Object(Closure))
#33 /Users/magina/Sites/book/vendor/laravel/framework/src/Illuminate/Pipeline/Pipeline.php(124): call_user_func_array(Array, Array)
#34 /Users/magina/Sites/book/vendor/laravel/framework/src/Illuminate/Session/Middleware/StartSession.php(62): Illuminate\Pipeline\Pipeline->Illuminate\Pipeline\{closure}(Object(Illuminate\Http\Request))
#35 [internal function]: Illuminate\Session\Middleware\StartSession->handle(Object(Illuminate\Http\Request), Object(Closure))
#36 /Users/magina/Sites/book/vendor/laravel/framework/src/Illuminate/Pipeline/Pipeline.php(124): call_user_func_array(Array, Array)
#37 /Users/magina/Sites/book/vendor/laravel/framework/src/Illuminate/Cookie/Middleware/AddQueuedCookiesToResponse.php(37): Illuminate\Pipeline\Pipeline->Illuminate\Pipeline\{closure}(Object(Illuminate\Http\Request))
#38 [internal function]: Illuminate\Cookie\Middleware\AddQueuedCookiesToResponse->handle(Object(Illuminate\Http\Request), Object(Closure))
#39 /Users/magina/Sites/book/vendor/laravel/framework/src/Illuminate/Pipeline/Pipeline.php(124): call_user_func_array(Array, Array)
#40 /Users/magina/Sites/book/vendor/laravel/framework/src/Illuminate/Cookie/Middleware/EncryptCookies.php(59): Illuminate\Pipeline\Pipeline->Illuminate\Pipeline\{closure}(Object(Illuminate\Http\Request))
#41 [internal function]: Illuminate\Cookie\Middleware\EncryptCookies->handle(Object(Illuminate\Http\Request), Object(Closure))
#42 /Users/magina/Sites/book/vendor/laravel/framework/src/Illuminate/Pipeline/Pipeline.php(124): call_user_func_array(Array, Array)
#43 /Users/magina/Sites/book/vendor/laravel/framework/src/Illuminate/Foundation/Http/Middleware/CheckForMaintenanceMode.php(42): Illuminate\Pipeline\Pipeline->Illuminate\Pipeline\{closure}(Object(Illuminate\Http\Request))
#44 [internal function]: Illuminate\Foundation\Http\Middleware\CheckForMaintenanceMode->handle(Object(Illuminate\Http\Request), Object(Closure))
#45 /Users/magina/Sites/book/vendor/laravel/framework/src/Illuminate/Pipeline/Pipeline.php(124): call_user_func_array(Array, Array)
#46 [internal function]: Illuminate\Pipeline\Pipeline->Illuminate\Pipeline\{closure}(Object(Illuminate\Http\Request))
#47 /Users/magina/Sites/book/vendor/laravel/framework/src/Illuminate/Pipeline/Pipeline.php(103): call_user_func(Object(Closure), Object(Illuminate\Http\Request))
#48 /Users/magina/Sites/book/vendor/laravel/framework/src/Illuminate/Foundation/Http/Kernel.php(122): Illuminate\Pipeline\Pipeline->then(Object(Closure))
#49 /Users/magina/Sites/book/vendor/laravel/framework/src/Illuminate/Foundation/Http/Kernel.php(87): Illuminate\Foundation\Http\Kernel->sendRequestThroughRouter(Object(Illuminate\Http\Request))
#50 /Users/magina/Sites/book/public/index.php(54): Illuminate\Foundation\Http\Kernel->handle(Object(Illuminate\Http\Request))
#51 {main}  
